2017-10-11 12:47:49 - PHP Warning:  Missing argument 2 for Cart\Currency::format(), called in /var/www/anton/data/www/vz199252.eurodir.ru/catalog/model/extension/shipping/by_total.php on line 43 and defined in /var/www/anton/data/www/vz199252.eurodir.ru/system/library/cart/currency.php on line 24
2017-10-11 12:47:49 - PHP Notice:  Undefined variable: currency in /var/www/anton/data/www/vz199252.eurodir.ru/system/library/cart/currency.php on line 25
2017-10-11 12:47:49 - PHP Notice:  Undefined index:  in /var/www/anton/data/www/vz199252.eurodir.ru/system/library/cart/currency.php on line 25
2017-10-11 12:47:49 - PHP Notice:  Undefined variable: currency in /var/www/anton/data/www/vz199252.eurodir.ru/system/library/cart/currency.php on line 26
2017-10-11 12:47:49 - PHP Notice:  Undefined index:  in /var/www/anton/data/www/vz199252.eurodir.ru/system/library/cart/currency.php on line 26
2017-10-11 12:47:49 - PHP Notice:  Undefined variable: currency in /var/www/anton/data/www/vz199252.eurodir.ru/system/library/cart/currency.php on line 27
2017-10-11 12:47:49 - PHP Notice:  Undefined index:  in /var/www/anton/data/www/vz199252.eurodir.ru/system/library/cart/currency.php on line 27
2017-10-11 12:47:49 - PHP Notice:  Undefined variable: currency in /var/www/anton/data/www/vz199252.eurodir.ru/system/library/cart/currency.php on line 30
2017-10-11 12:47:49 - PHP Notice:  Undefined index:  in /var/www/anton/data/www/vz199252.eurodir.ru/system/library/cart/currency.php on line 30
2017-10-11 12:47:49 - PHP Warning:  Missing argument 2 for Cart\Currency::format(), called in /var/www/anton/data/www/vz199252.eurodir.ru/catalog/model/extension/shipping/by_total.php on line 46 and defined in /var/www/anton/data/www/vz199252.eurodir.ru/system/library/cart/currency.php on line 24
2017-10-11 12:47:49 - PHP Notice:  Undefined variable: currency in /var/www/anton/data/www/vz199252.eurodir.ru/system/library/cart/currency.php on line 25
2017-10-11 12:47:49 - PHP Notice:  Undefined index:  in /var/www/anton/data/www/vz199252.eurodir.ru/system/library/cart/currency.php on line 25
2017-10-11 12:47:49 - PHP Notice:  Undefined variable: currency in /var/www/anton/data/www/vz199252.eurodir.ru/system/library/cart/currency.php on line 26
2017-10-11 12:47:49 - PHP Notice:  Undefined index:  in /var/www/anton/data/www/vz199252.eurodir.ru/system/library/cart/currency.php on line 26
2017-10-11 12:47:49 - PHP Notice:  Undefined variable: currency in /var/www/anton/data/www/vz199252.eurodir.ru/system/library/cart/currency.php on line 27
2017-10-11 12:47:49 - PHP Notice:  Undefined index:  in /var/www/anton/data/www/vz199252.eurodir.ru/system/library/cart/currency.php on line 27
2017-10-11 12:47:49 - PHP Notice:  Undefined variable: currency in /var/www/anton/data/www/vz199252.eurodir.ru/system/library/cart/currency.php on line 30
2017-10-11 12:47:49 - PHP Notice:  Undefined index:  in /var/www/anton/data/www/vz199252.eurodir.ru/system/library/cart/currency.php on line 30
2017-10-11 13:56:44 - PHP Notice:  Undefined variable: rupostupd_sms_gatename in /var/www/anton/data/www/vz199252.eurodir.ru/admin/view/template/extension/shipping/track_no.tpl on line 109
2017-10-11 13:56:44 - PHP Notice:  Undefined variable: rupostupd_sms_gatename in /var/www/anton/data/www/vz199252.eurodir.ru/admin/view/template/extension/shipping/track_no.tpl on line 109
2017-10-11 13:56:44 - PHP Notice:  Undefined variable: rupostupd_sms_gate_username in /var/www/anton/data/www/vz199252.eurodir.ru/admin/view/template/extension/shipping/track_no.tpl on line 123
2017-10-11 13:56:44 - PHP Notice:  Undefined variable: rupostupd_sms_gate_password in /var/www/anton/data/www/vz199252.eurodir.ru/admin/view/template/extension/shipping/track_no.tpl on line 129
2017-10-11 13:56:44 - PHP Notice:  Undefined variable: rupostupd_sms_gate_from in /var/www/anton/data/www/vz199252.eurodir.ru/admin/view/template/extension/shipping/track_no.tpl on line 135
2017-10-11 14:23:43 - PHP Notice:  Undefined variable: rupostupd_sms_gatename in /var/www/anton/data/www/vz199252.eurodir.ru/admin/view/template/extension/shipping/track_no.tpl on line 109
2017-10-11 14:23:43 - PHP Notice:  Undefined variable: rupostupd_sms_gatename in /var/www/anton/data/www/vz199252.eurodir.ru/admin/view/template/extension/shipping/track_no.tpl on line 109
2017-10-11 14:23:43 - PHP Notice:  Undefined variable: rupostupd_sms_gate_username in /var/www/anton/data/www/vz199252.eurodir.ru/admin/view/template/extension/shipping/track_no.tpl on line 123
2017-10-11 14:23:43 - PHP Notice:  Undefined variable: rupostupd_sms_gate_password in /var/www/anton/data/www/vz199252.eurodir.ru/admin/view/template/extension/shipping/track_no.tpl on line 129
2017-10-11 14:23:43 - PHP Notice:  Undefined variable: rupostupd_sms_gate_from in /var/www/anton/data/www/vz199252.eurodir.ru/admin/view/template/extension/shipping/track_no.tpl on line 135
2017-10-11 14:24:21 - PHP Notice:  Undefined variable: rupostupd_sms_gatename in /var/www/anton/data/www/vz199252.eurodir.ru/admin/view/template/extension/shipping/track_no.tpl on line 109
2017-10-11 14:24:21 - PHP Notice:  Undefined variable: rupostupd_sms_gatename in /var/www/anton/data/www/vz199252.eurodir.ru/admin/view/template/extension/shipping/track_no.tpl on line 109
2017-10-11 14:24:21 - PHP Notice:  Undefined variable: rupostupd_sms_gate_username in /var/www/anton/data/www/vz199252.eurodir.ru/admin/view/template/extension/shipping/track_no.tpl on line 123
2017-10-11 14:24:21 - PHP Notice:  Undefined variable: rupostupd_sms_gate_password in /var/www/anton/data/www/vz199252.eurodir.ru/admin/view/template/extension/shipping/track_no.tpl on line 129
2017-10-11 14:24:21 - PHP Notice:  Undefined variable: rupostupd_sms_gate_from in /var/www/anton/data/www/vz199252.eurodir.ru/admin/view/template/extension/shipping/track_no.tpl on line 135
2017-10-11 14:27:49 - PHP Notice:  Undefined variable: rupostupd_sms_gatename in /var/www/anton/data/www/vz199252.eurodir.ru/admin/view/template/extension/shipping/track_no.tpl on line 109
2017-10-11 14:27:49 - PHP Notice:  Undefined variable: rupostupd_sms_gatename in /var/www/anton/data/www/vz199252.eurodir.ru/admin/view/template/extension/shipping/track_no.tpl on line 109
2017-10-11 14:27:49 - PHP Notice:  Undefined variable: rupostupd_sms_gate_username in /var/www/anton/data/www/vz199252.eurodir.ru/admin/view/template/extension/shipping/track_no.tpl on line 123
2017-10-11 14:27:49 - PHP Notice:  Undefined variable: rupostupd_sms_gate_password in /var/www/anton/data/www/vz199252.eurodir.ru/admin/view/template/extension/shipping/track_no.tpl on line 129
2017-10-11 14:27:49 - PHP Notice:  Undefined variable: rupostupd_sms_gate_from in /var/www/anton/data/www/vz199252.eurodir.ru/admin/view/template/extension/shipping/track_no.tpl on line 135
2017-10-11 15:01:50 - PHP Notice:  Undefined variable: rupostupd_sms_gatename in /var/www/anton/data/www/vz199252.eurodir.ru/admin/view/template/extension/shipping/track_no.tpl on line 109
2017-10-11 15:01:50 - PHP Notice:  Undefined variable: rupostupd_sms_gatename in /var/www/anton/data/www/vz199252.eurodir.ru/admin/view/template/extension/shipping/track_no.tpl on line 109
2017-10-11 15:01:50 - PHP Notice:  Undefined variable: rupostupd_sms_gate_username in /var/www/anton/data/www/vz199252.eurodir.ru/admin/view/template/extension/shipping/track_no.tpl on line 123
2017-10-11 15:01:50 - PHP Notice:  Undefined variable: rupostupd_sms_gate_password in /var/www/anton/data/www/vz199252.eurodir.ru/admin/view/template/extension/shipping/track_no.tpl on line 129
2017-10-11 15:01:50 - PHP Notice:  Undefined variable: rupostupd_sms_gate_from in /var/www/anton/data/www/vz199252.eurodir.ru/admin/view/template/extension/shipping/track_no.tpl on line 135
2017-10-11 15:03:48 - PHP Notice:  Undefined variable: rupostupd_sms_gatename in /var/www/anton/data/www/vz199252.eurodir.ru/admin/view/template/extension/shipping/track_no.tpl on line 109
2017-10-11 15:03:48 - PHP Notice:  Undefined variable: rupostupd_sms_gatename in /var/www/anton/data/www/vz199252.eurodir.ru/admin/view/template/extension/shipping/track_no.tpl on line 109
2017-10-11 15:03:48 - PHP Notice:  Undefined variable: rupostupd_sms_gate_username in /var/www/anton/data/www/vz199252.eurodir.ru/admin/view/template/extension/shipping/track_no.tpl on line 123
2017-10-11 15:03:48 - PHP Notice:  Undefined variable: rupostupd_sms_gate_password in /var/www/anton/data/www/vz199252.eurodir.ru/admin/view/template/extension/shipping/track_no.tpl on line 129
2017-10-11 15:03:48 - PHP Notice:  Undefined variable: rupostupd_sms_gate_from in /var/www/anton/data/www/vz199252.eurodir.ru/admin/view/template/extension/shipping/track_no.tpl on line 135
2017-10-11 15:12:45 - PHP Notice:  Undefined variable: rupostupd_sms_gatename in /var/www/anton/data/www/vz199252.eurodir.ru/admin/view/template/extension/shipping/track_no.tpl on line 109
2017-10-11 15:12:45 - PHP Notice:  Undefined variable: rupostupd_sms_gatename in /var/www/anton/data/www/vz199252.eurodir.ru/admin/view/template/extension/shipping/track_no.tpl on line 109
2017-10-11 15:12:45 - PHP Notice:  Undefined variable: rupostupd_sms_gate_username in /var/www/anton/data/www/vz199252.eurodir.ru/admin/view/template/extension/shipping/track_no.tpl on line 123
2017-10-11 15:12:45 - PHP Notice:  Undefined variable: rupostupd_sms_gate_password in /var/www/anton/data/www/vz199252.eurodir.ru/admin/view/template/extension/shipping/track_no.tpl on line 129
2017-10-11 15:12:45 - PHP Notice:  Undefined variable: rupostupd_sms_gate_from in /var/www/anton/data/www/vz199252.eurodir.ru/admin/view/template/extension/shipping/track_no.tpl on line 135
2017-10-11 15:13:33 - PHP Notice:  Undefined variable: rupostupd_sms_gatename in /var/www/anton/data/www/vz199252.eurodir.ru/admin/view/template/extension/shipping/track_no.tpl on line 109
2017-10-11 15:13:33 - PHP Notice:  Undefined variable: rupostupd_sms_gatename in /var/www/anton/data/www/vz199252.eurodir.ru/admin/view/template/extension/shipping/track_no.tpl on line 109
2017-10-11 15:13:33 - PHP Notice:  Undefined variable: rupostupd_sms_gate_username in /var/www/anton/data/www/vz199252.eurodir.ru/admin/view/template/extension/shipping/track_no.tpl on line 123
2017-10-11 15:13:33 - PHP Notice:  Undefined variable: rupostupd_sms_gate_password in /var/www/anton/data/www/vz199252.eurodir.ru/admin/view/template/extension/shipping/track_no.tpl on line 129
2017-10-11 15:13:33 - PHP Notice:  Undefined variable: rupostupd_sms_gate_from in /var/www/anton/data/www/vz199252.eurodir.ru/admin/view/template/extension/shipping/track_no.tpl on line 135
2017-10-11 15:23:01 - PHP Notice:  Undefined variable: rupostupd_sms_gatename in /var/www/anton/data/www/vz199252.eurodir.ru/admin/view/template/extension/shipping/track_no.tpl on line 109
2017-10-11 15:23:01 - PHP Notice:  Undefined variable: rupostupd_sms_gatename in /var/www/anton/data/www/vz199252.eurodir.ru/admin/view/template/extension/shipping/track_no.tpl on line 109
2017-10-11 15:23:01 - PHP Notice:  Undefined variable: rupostupd_sms_gate_username in /var/www/anton/data/www/vz199252.eurodir.ru/admin/view/template/extension/shipping/track_no.tpl on line 123
2017-10-11 15:23:01 - PHP Notice:  Undefined variable: rupostupd_sms_gate_password in /var/www/anton/data/www/vz199252.eurodir.ru/admin/view/template/extension/shipping/track_no.tpl on line 129
2017-10-11 15:23:01 - PHP Notice:  Undefined variable: rupostupd_sms_gate_from in /var/www/anton/data/www/vz199252.eurodir.ru/admin/view/template/extension/shipping/track_no.tpl on line 135
2017-10-11 15:28:06 - PHP Notice:  Undefined variable: rupostupd_sms_gatename in /var/www/anton/data/www/vz199252.eurodir.ru/admin/view/template/extension/shipping/track_no.tpl on line 109
2017-10-11 15:28:06 - PHP Notice:  Undefined variable: rupostupd_sms_gatename in /var/www/anton/data/www/vz199252.eurodir.ru/admin/view/template/extension/shipping/track_no.tpl on line 109
2017-10-11 15:28:06 - PHP Notice:  Undefined variable: rupostupd_sms_gate_username in /var/www/anton/data/www/vz199252.eurodir.ru/admin/view/template/extension/shipping/track_no.tpl on line 123
2017-10-11 15:28:06 - PHP Notice:  Undefined variable: rupostupd_sms_gate_password in /var/www/anton/data/www/vz199252.eurodir.ru/admin/view/template/extension/shipping/track_no.tpl on line 129
2017-10-11 15:28:06 - PHP Notice:  Undefined variable: rupostupd_sms_gate_from in /var/www/anton/data/www/vz199252.eurodir.ru/admin/view/template/extension/shipping/track_no.tpl on line 135
2017-10-11 15:28:49 - PHP Notice:  Undefined variable: rupostupd_sms_gatename in /var/www/anton/data/www/vz199252.eurodir.ru/admin/view/template/extension/shipping/track_no.tpl on line 109
2017-10-11 15:28:49 - PHP Notice:  Undefined variable: rupostupd_sms_gatename in /var/www/anton/data/www/vz199252.eurodir.ru/admin/view/template/extension/shipping/track_no.tpl on line 109
2017-10-11 15:28:49 - PHP Notice:  Undefined variable: rupostupd_sms_gate_username in /var/www/anton/data/www/vz199252.eurodir.ru/admin/view/template/extension/shipping/track_no.tpl on line 123
2017-10-11 15:28:49 - PHP Notice:  Undefined variable: rupostupd_sms_gate_password in /var/www/anton/data/www/vz199252.eurodir.ru/admin/view/template/extension/shipping/track_no.tpl on line 129
2017-10-11 15:28:49 - PHP Notice:  Undefined variable: rupostupd_sms_gate_from in /var/www/anton/data/www/vz199252.eurodir.ru/admin/view/template/extension/shipping/track_no.tpl on line 135
2017-10-11 15:31:03 - PHP Notice:  Undefined variable: rupostupd_sms_gatename in /var/www/anton/data/www/vz199252.eurodir.ru/admin/view/template/extension/shipping/track_no.tpl on line 109
2017-10-11 15:31:03 - PHP Notice:  Undefined variable: rupostupd_sms_gatename in /var/www/anton/data/www/vz199252.eurodir.ru/admin/view/template/extension/shipping/track_no.tpl on line 109
2017-10-11 15:31:03 - PHP Notice:  Undefined variable: rupostupd_sms_gate_username in /var/www/anton/data/www/vz199252.eurodir.ru/admin/view/template/extension/shipping/track_no.tpl on line 123
2017-10-11 15:31:03 - PHP Notice:  Undefined variable: rupostupd_sms_gate_password in /var/www/anton/data/www/vz199252.eurodir.ru/admin/view/template/extension/shipping/track_no.tpl on line 129
2017-10-11 15:31:03 - PHP Notice:  Undefined variable: rupostupd_sms_gate_from in /var/www/anton/data/www/vz199252.eurodir.ru/admin/view/template/extension/shipping/track_no.tpl on line 135
2017-10-11 15:39:38 - PHP Notice:  Undefined variable: rupostupd_sms_gatename in /var/www/anton/data/www/vz199252.eurodir.ru/admin/view/template/extension/shipping/track_no.tpl on line 109
2017-10-11 15:39:38 - PHP Notice:  Undefined variable: rupostupd_sms_gatename in /var/www/anton/data/www/vz199252.eurodir.ru/admin/view/template/extension/shipping/track_no.tpl on line 109
2017-10-11 15:39:38 - PHP Notice:  Undefined variable: rupostupd_sms_gate_username in /var/www/anton/data/www/vz199252.eurodir.ru/admin/view/template/extension/shipping/track_no.tpl on line 123
2017-10-11 15:39:38 - PHP Notice:  Undefined variable: rupostupd_sms_gate_password in /var/www/anton/data/www/vz199252.eurodir.ru/admin/view/template/extension/shipping/track_no.tpl on line 129
2017-10-11 15:39:38 - PHP Notice:  Undefined variable: rupostupd_sms_gate_from in /var/www/anton/data/www/vz199252.eurodir.ru/admin/view/template/extension/shipping/track_no.tpl on line 135
2017-10-11 15:53:43 - PHP Notice:  Undefined variable: text_checkout_payment_address in /var/www/anton/data/www/vz199252.eurodir.ru/catalog/view/theme/default/template/checkout/checkout.tpl on line 44
2017-10-11 15:53:43 - PHP Notice:  Undefined variable: text_checkout_payment_address in /var/www/anton/data/www/vz199252.eurodir.ru/catalog/view/theme/default/template/checkout/checkout.tpl on line 95
2017-10-11 15:53:43 - PHP Notice:  Undefined variable: text_checkout_payment_address in /var/www/anton/data/www/vz199252.eurodir.ru/catalog/view/theme/default/template/checkout/checkout.tpl on line 101
2017-10-11 15:53:43 - PHP Notice:  Undefined variable: text_checkout_payment_address in /var/www/anton/data/www/vz199252.eurodir.ru/catalog/view/theme/default/template/checkout/checkout.tpl on line 131
2017-10-11 15:53:43 - PHP Notice:  Undefined variable: text_checkout_payment_address in /var/www/anton/data/www/vz199252.eurodir.ru/catalog/view/theme/default/template/checkout/checkout.tpl on line 161
2017-10-11 15:53:43 - PHP Notice:  Undefined variable: text_checkout_payment_address in /var/www/anton/data/www/vz199252.eurodir.ru/catalog/view/theme/default/template/checkout/checkout.tpl on line 325
2017-10-11 16:00:38 - PHP Notice:  Use of undefined constant php - assumed 'php' in /var/www/anton/data/www/vz199252.eurodir.ru/catalog/view/theme/default/template/checkout/guest.tpl on line 41
2017-10-11 16:01:24 - PHP Notice:  Undefined index: fax in /var/www/anton/data/www/vz199252.eurodir.ru/catalog/controller/checkout/guest.php on line 273
2017-10-11 16:01:24 - PHP Notice:  Undefined index: company in /var/www/anton/data/www/vz199252.eurodir.ru/catalog/controller/checkout/guest.php on line 283
2017-10-11 16:01:24 - PHP Notice:  Undefined index: address_2 in /var/www/anton/data/www/vz199252.eurodir.ru/catalog/controller/checkout/guest.php on line 285
2017-10-11 16:01:24 - PHP Notice:  Undefined index: company in /var/www/anton/data/www/vz199252.eurodir.ru/catalog/controller/checkout/guest.php on line 334
2017-10-11 16:01:24 - PHP Notice:  Undefined index: address_2 in /var/www/anton/data/www/vz199252.eurodir.ru/catalog/controller/checkout/guest.php on line 336
2017-10-11 16:03:53 - PHP Notice:  Use of undefined constant php - assumed 'php' in /var/www/anton/data/www/vz199252.eurodir.ru/catalog/view/theme/default/template/checkout/guest.tpl on line 167
2017-10-11 16:04:01 - PHP Notice:  Undefined index: address_2 in /var/www/anton/data/www/vz199252.eurodir.ru/catalog/controller/checkout/guest.php on line 285
2017-10-11 16:04:01 - PHP Notice:  Undefined index: address_2 in /var/www/anton/data/www/vz199252.eurodir.ru/catalog/controller/checkout/guest.php on line 336
2017-10-11 16:11:43 - PHP Notice:  Use of undefined constant php - assumed 'php' in /var/www/anton/data/www/vz199252.eurodir.ru/catalog/view/theme/default/template/checkout/guest.tpl on line 168
2017-10-11 16:11:49 - PHP Notice:  Undefined index: address_2 in /var/www/anton/data/www/vz199252.eurodir.ru/catalog/controller/checkout/guest.php on line 285
2017-10-11 16:11:49 - PHP Notice:  Undefined index: address_2 in /var/www/anton/data/www/vz199252.eurodir.ru/catalog/controller/checkout/guest.php on line 336
2017-10-11 16:11:55 - PHP Notice:  Use of undefined constant php - assumed 'php' in /var/www/anton/data/www/vz199252.eurodir.ru/catalog/view/theme/default/template/checkout/guest.tpl on line 168
2017-10-11 16:12:01 - PHP Notice:  Undefined index: address_2 in /var/www/anton/data/www/vz199252.eurodir.ru/catalog/controller/checkout/guest.php on line 285
2017-10-11 16:12:01 - PHP Notice:  Undefined index: address_2 in /var/www/anton/data/www/vz199252.eurodir.ru/catalog/controller/checkout/guest.php on line 336
2017-10-11 16:13:26 - PHP Notice:  Use of undefined constant php - assumed 'php' in /var/www/anton/data/www/vz199252.eurodir.ru/catalog/view/theme/default/template/checkout/guest.tpl on line 168
2017-10-11 16:13:28 - PHP Notice:  Undefined index: address_2 in /var/www/anton/data/www/vz199252.eurodir.ru/catalog/controller/checkout/guest.php on line 285
2017-10-11 16:13:28 - PHP Notice:  Undefined index: address_2 in /var/www/anton/data/www/vz199252.eurodir.ru/catalog/controller/checkout/guest.php on line 336
2017-10-11 16:13:37 - PHP Notice:  Use of undefined constant php - assumed 'php' in /var/www/anton/data/www/vz199252.eurodir.ru/catalog/view/theme/default/template/checkout/guest.tpl on line 168
2017-10-11 16:13:39 - PHP Notice:  Undefined index: address_2 in /var/www/anton/data/www/vz199252.eurodir.ru/catalog/controller/checkout/guest.php on line 285
2017-10-11 16:13:39 - PHP Notice:  Undefined index: address_2 in /var/www/anton/data/www/vz199252.eurodir.ru/catalog/controller/checkout/guest.php on line 336
2017-10-11 16:14:25 - PHP Notice:  Use of undefined constant php - assumed 'php' in /var/www/anton/data/www/vz199252.eurodir.ru/catalog/view/theme/default/template/checkout/guest.tpl on line 168
2017-10-11 16:16:04 - PHP Notice:  Use of undefined constant php - assumed 'php' in /var/www/anton/data/www/vz199252.eurodir.ru/catalog/view/theme/default/template/checkout/guest.tpl on line 169
2017-10-11 16:17:32 - PHP Notice:  Use of undefined constant php - assumed 'php' in /var/www/anton/data/www/vz199252.eurodir.ru/catalog/view/theme/default/template/checkout/guest.tpl on line 170
2017-10-11 16:36:04 - PHP Notice:  Undefined index: ocstore_yk_company_enabled_methods in /var/www/anton/data/www/vz199252.eurodir.ru/admin/controller/extension/payment/ocstore_yk.php on line 21
2017-10-11 16:36:04 - PHP Notice:  Undefined index: company_enabled_methods in /var/www/anton/data/www/vz199252.eurodir.ru/admin/controller/extension/payment/ocstore_yk.php on line 44
2017-10-11 16:36:04 - PHP Warning:  Invalid argument supplied for foreach() in /var/www/anton/data/www/vz199252.eurodir.ru/admin/controller/extension/payment/ocstore_yk.php on line 44
2017-10-11 16:36:04 - PHP Notice:  Undefined index: physical_enabled_methods in /var/www/anton/data/www/vz199252.eurodir.ru/admin/controller/extension/payment/ocstore_yk.php on line 49
2017-10-11 16:36:04 - PHP Warning:  Invalid argument supplied for foreach() in /var/www/anton/data/www/vz199252.eurodir.ru/admin/controller/extension/payment/ocstore_yk.php on line 49
2017-10-11 16:36:28 - PHP Notice:  Use of undefined constant php - assumed 'php' in /var/www/anton/data/www/vz199252.eurodir.ru/catalog/view/theme/default/template/checkout/guest.tpl on line 170
2017-10-11 16:37:00 - PHP Notice:  Undefined index: fax in /var/www/anton/data/www/vz199252.eurodir.ru/catalog/controller/checkout/confirm.php on line 137
2017-10-11 16:37:57 - PHP Notice:  Use of undefined constant php - assumed 'php' in /var/www/anton/data/www/vz199252.eurodir.ru/catalog/view/theme/default/template/checkout/guest.tpl on line 170
2017-10-11 16:38:11 - PHP Notice:  Undefined index: fax in /var/www/anton/data/www/vz199252.eurodir.ru/catalog/controller/checkout/confirm.php on line 137
2017-10-11 16:39:51 - PHP Notice:  Use of undefined constant php - assumed 'php' in /var/www/anton/data/www/vz199252.eurodir.ru/catalog/view/theme/default/template/checkout/guest.tpl on line 170
2017-10-11 16:40:01 - PHP Notice:  Undefined index: fax in /var/www/anton/data/www/vz199252.eurodir.ru/system/storage/modification/catalog/model/checkout/order.php on line 4
2017-10-11 16:41:35 - PHP Notice:  Use of undefined constant php - assumed 'php' in /var/www/anton/data/www/vz199252.eurodir.ru/catalog/view/theme/default/template/checkout/guest.tpl on line 170
2017-10-11 16:41:44 - PHP Notice:  Undefined index: fax in /var/www/anton/data/www/vz199252.eurodir.ru/system/storage/modification/catalog/model/checkout/order.php on line 4
2017-10-11 16:42:34 - PHP Notice:  Use of undefined constant php - assumed 'php' in /var/www/anton/data/www/vz199252.eurodir.ru/catalog/view/theme/default/template/checkout/guest.tpl on line 170
2017-10-11 16:42:42 - PHP Notice:  Undefined index: fax in /var/www/anton/data/www/vz199252.eurodir.ru/system/storage/modification/catalog/model/checkout/order.php on line 4
2017-10-11 16:44:01 - PHP Notice:  Use of undefined constant php - assumed 'php' in /var/www/anton/data/www/vz199252.eurodir.ru/catalog/view/theme/default/template/checkout/guest.tpl on line 170
2017-10-11 16:44:15 - PHP Notice:  Undefined index: fax in /var/www/anton/data/www/vz199252.eurodir.ru/system/storage/modification/catalog/model/checkout/order.php on line 4
2017-10-11 16:46:31 - PHP Notice:  Use of undefined constant php - assumed 'php' in /var/www/anton/data/www/vz199252.eurodir.ru/catalog/view/theme/default/template/checkout/guest.tpl on line 170
2017-10-11 16:49:47 - PHP Notice:  Use of undefined constant php - assumed 'php' in /var/www/anton/data/www/vz199252.eurodir.ru/catalog/view/theme/default/template/checkout/register.tpl on line 162
2017-10-11 16:51:46 - PHP Notice:  Use of undefined constant php - assumed 'php' in /var/www/anton/data/www/vz199252.eurodir.ru/catalog/view/theme/default/template/checkout/register.tpl on line 41
2017-10-11 16:51:46 - PHP Notice:  Use of undefined constant php - assumed 'php' in /var/www/anton/data/www/vz199252.eurodir.ru/catalog/view/theme/default/template/checkout/register.tpl on line 156
2017-10-11 16:51:46 - PHP Notice:  Use of undefined constant php - assumed 'php' in /var/www/anton/data/www/vz199252.eurodir.ru/catalog/view/theme/default/template/checkout/register.tpl on line 164
2017-10-11 16:52:45 - PHP Notice:  Undefined index: fax in /var/www/anton/data/www/vz199252.eurodir.ru/catalog/model/account/customer.php on line 14
2017-10-11 16:52:45 - PHP Notice:  Undefined index: company in /var/www/anton/data/www/vz199252.eurodir.ru/catalog/model/account/customer.php on line 18
2017-10-11 16:52:45 - PHP Notice:  Undefined index: address_2 in /var/www/anton/data/www/vz199252.eurodir.ru/catalog/model/account/customer.php on line 18
2017-10-11 16:55:21 - PHP Notice:  Use of undefined constant php - assumed 'php' in /var/www/anton/data/www/vz199252.eurodir.ru/catalog/view/theme/default/template/checkout/register.tpl on line 41
2017-10-11 16:55:21 - PHP Notice:  Use of undefined constant php - assumed 'php' in /var/www/anton/data/www/vz199252.eurodir.ru/catalog/view/theme/default/template/checkout/register.tpl on line 156
2017-10-11 16:55:21 - PHP Notice:  Use of undefined constant php - assumed 'php' in /var/www/anton/data/www/vz199252.eurodir.ru/catalog/view/theme/default/template/checkout/register.tpl on line 164
2017-10-11 16:56:01 - PHP Notice:  Undefined index: fax in /var/www/anton/data/www/vz199252.eurodir.ru/catalog/model/account/customer.php on line 14
2017-10-11 16:56:01 - PHP Notice:  Undefined index: company in /var/www/anton/data/www/vz199252.eurodir.ru/catalog/model/account/customer.php on line 18
2017-10-11 16:56:01 - PHP Notice:  Undefined index: address_2 in /var/www/anton/data/www/vz199252.eurodir.ru/catalog/model/account/customer.php on line 18
2017-10-11 16:57:24 - PHP Notice:  Use of undefined constant php - assumed 'php' in /var/www/anton/data/www/vz199252.eurodir.ru/catalog/view/theme/default/template/checkout/register.tpl on line 41
2017-10-11 16:57:24 - PHP Notice:  Use of undefined constant php - assumed 'php' in /var/www/anton/data/www/vz199252.eurodir.ru/catalog/view/theme/default/template/checkout/register.tpl on line 156
2017-10-11 16:57:24 - PHP Notice:  Use of undefined constant php - assumed 'php' in /var/www/anton/data/www/vz199252.eurodir.ru/catalog/view/theme/default/template/checkout/register.tpl on line 164
2017-10-11 16:57:52 - PHP Notice:  Undefined index: fax in /var/www/anton/data/www/vz199252.eurodir.ru/catalog/model/account/customer.php on line 14
2017-10-11 16:57:52 - PHP Notice:  Undefined index: company in /var/www/anton/data/www/vz199252.eurodir.ru/catalog/model/account/customer.php on line 18
2017-10-11 16:57:52 - PHP Notice:  Undefined index: address_2 in /var/www/anton/data/www/vz199252.eurodir.ru/catalog/model/account/customer.php on line 18
2017-10-11 16:59:27 - PHP Notice:  Use of undefined constant php - assumed 'php' in /var/www/anton/data/www/vz199252.eurodir.ru/catalog/view/theme/default/template/checkout/register.tpl on line 41
2017-10-11 16:59:27 - PHP Notice:  Use of undefined constant php - assumed 'php' in /var/www/anton/data/www/vz199252.eurodir.ru/catalog/view/theme/default/template/checkout/register.tpl on line 156
2017-10-11 16:59:27 - PHP Notice:  Use of undefined constant php - assumed 'php' in /var/www/anton/data/www/vz199252.eurodir.ru/catalog/view/theme/default/template/checkout/register.tpl on line 164
2017-10-11 16:59:49 - PHP Notice:  Undefined index: fax in /var/www/anton/data/www/vz199252.eurodir.ru/catalog/model/account/customer.php on line 14
2017-10-11 16:59:49 - PHP Notice:  Undefined index: company in /var/www/anton/data/www/vz199252.eurodir.ru/catalog/model/account/customer.php on line 18
2017-10-11 16:59:49 - PHP Notice:  Undefined index: address_2 in /var/www/anton/data/www/vz199252.eurodir.ru/catalog/model/account/customer.php on line 18
2017-10-11 17:00:49 - PHP Notice:  Use of undefined constant php - assumed 'php' in /var/www/anton/data/www/vz199252.eurodir.ru/catalog/view/theme/default/template/checkout/register.tpl on line 41
2017-10-11 17:00:49 - PHP Notice:  Use of undefined constant php - assumed 'php' in /var/www/anton/data/www/vz199252.eurodir.ru/catalog/view/theme/default/template/checkout/register.tpl on line 156
2017-10-11 17:00:49 - PHP Notice:  Use of undefined constant php - assumed 'php' in /var/www/anton/data/www/vz199252.eurodir.ru/catalog/view/theme/default/template/checkout/register.tpl on line 164
2017-10-11 17:01:10 - PHP Notice:  Undefined index: fax in /var/www/anton/data/www/vz199252.eurodir.ru/catalog/model/account/customer.php on line 14
2017-10-11 17:01:10 - PHP Notice:  Undefined index: company in /var/www/anton/data/www/vz199252.eurodir.ru/catalog/model/account/customer.php on line 18
2017-10-11 17:01:10 - PHP Notice:  Undefined index: address_2 in /var/www/anton/data/www/vz199252.eurodir.ru/catalog/model/account/customer.php on line 18
2017-10-11 17:02:52 - PHP Notice:  Use of undefined constant php - assumed 'php' in /var/www/anton/data/www/vz199252.eurodir.ru/catalog/view/theme/default/template/checkout/register.tpl on line 41
2017-10-11 17:02:52 - PHP Notice:  Use of undefined constant php - assumed 'php' in /var/www/anton/data/www/vz199252.eurodir.ru/catalog/view/theme/default/template/checkout/register.tpl on line 156
2017-10-11 17:02:52 - PHP Notice:  Use of undefined constant php - assumed 'php' in /var/www/anton/data/www/vz199252.eurodir.ru/catalog/view/theme/default/template/checkout/register.tpl on line 164
2017-10-11 17:03:17 - PHP Notice:  Undefined index: fax in /var/www/anton/data/www/vz199252.eurodir.ru/catalog/model/account/customer.php on line 14
2017-10-11 17:04:32 - PHP Notice:  Use of undefined constant php - assumed 'php' in /var/www/anton/data/www/vz199252.eurodir.ru/catalog/view/theme/default/template/checkout/register.tpl on line 41
2017-10-11 17:04:32 - PHP Notice:  Use of undefined constant php - assumed 'php' in /var/www/anton/data/www/vz199252.eurodir.ru/catalog/view/theme/default/template/checkout/register.tpl on line 156
2017-10-11 17:04:32 - PHP Notice:  Use of undefined constant php - assumed 'php' in /var/www/anton/data/www/vz199252.eurodir.ru/catalog/view/theme/default/template/checkout/register.tpl on line 164
2017-10-11 17:19:02 - PHP Notice:  Use of undefined constant php - assumed 'php' in /var/www/anton/data/www/vz199252.eurodir.ru/catalog/view/theme/default/template/checkout/guest.tpl on line 170
2017-10-11 17:55:00 - PHP Notice:  Use of undefined constant php - assumed 'php' in /var/www/anton/data/www/vz199252.eurodir.ru/catalog/view/theme/default/template/checkout/register.tpl on line 41
2017-10-11 17:55:00 - PHP Notice:  Use of undefined constant php - assumed 'php' in /var/www/anton/data/www/vz199252.eurodir.ru/catalog/view/theme/default/template/checkout/register.tpl on line 156
2017-10-11 17:55:00 - PHP Notice:  Use of undefined constant php - assumed 'php' in /var/www/anton/data/www/vz199252.eurodir.ru/catalog/view/theme/default/template/checkout/register.tpl on line 164
2017-10-12 12:47:45 - PHP Notice:  Undefined variable: entry_address_2 in /var/www/anton/data/www/vz199252.eurodir.ru/catalog/view/theme/default/template/account/register.tpl on line 261
2017-10-12 12:47:45 - PHP Notice:  Undefined variable: entry_address_2 in /var/www/anton/data/www/vz199252.eurodir.ru/catalog/view/theme/default/template/account/register.tpl on line 263
2017-10-12 13:16:47 - PHP Notice:  Use of undefined constant php - assumed 'php' in /var/www/anton/data/www/vz199252.eurodir.ru/catalog/view/theme/default/template/checkout/guest.tpl on line 170
2017-10-12 13:17:46 - PHP Notice:  Use of undefined constant php - assumed 'php' in /var/www/anton/data/www/vz199252.eurodir.ru/catalog/view/theme/default/template/checkout/guest.tpl on line 170
2017-10-12 13:17:52 - PHP Notice:  Use of undefined constant php - assumed 'php' in /var/www/anton/data/www/vz199252.eurodir.ru/catalog/view/theme/default/template/checkout/guest.tpl on line 170
2017-10-12 13:18:05 - PHP Notice:  Use of undefined constant php - assumed 'php' in /var/www/anton/data/www/vz199252.eurodir.ru/catalog/view/theme/default/template/checkout/guest.tpl on line 170
2017-10-12 13:18:17 - PHP Notice:  Use of undefined constant php - assumed 'php' in /var/www/anton/data/www/vz199252.eurodir.ru/catalog/view/theme/default/template/checkout/register.tpl on line 41
2017-10-12 13:18:17 - PHP Notice:  Use of undefined constant php - assumed 'php' in /var/www/anton/data/www/vz199252.eurodir.ru/catalog/view/theme/default/template/checkout/register.tpl on line 156
2017-10-12 13:18:17 - PHP Notice:  Use of undefined constant php - assumed 'php' in /var/www/anton/data/www/vz199252.eurodir.ru/catalog/view/theme/default/template/checkout/register.tpl on line 164
2017-10-12 13:20:59 - PHP Notice:  Use of undefined constant php - assumed 'php' in /var/www/anton/data/www/vz199252.eurodir.ru/catalog/view/theme/default/template/checkout/guest.tpl on line 170
2017-10-12 13:39:08 - PHP Notice:  Use of undefined constant php - assumed 'php' in /var/www/anton/data/www/vz199252.eurodir.ru/catalog/view/theme/default/template/checkout/guest.tpl on line 170
2017-10-12 13:39:17 - PHP Notice:  Use of undefined constant php - assumed 'php' in /var/www/anton/data/www/vz199252.eurodir.ru/catalog/view/theme/default/template/checkout/guest.tpl on line 170
2017-10-12 13:43:01 - PHP Notice:  Use of undefined constant php - assumed 'php' in /var/www/anton/data/www/vz199252.eurodir.ru/catalog/view/theme/default/template/checkout/register.tpl on line 41
2017-10-12 13:43:01 - PHP Notice:  Use of undefined constant php - assumed 'php' in /var/www/anton/data/www/vz199252.eurodir.ru/catalog/view/theme/default/template/checkout/register.tpl on line 156
2017-10-12 13:43:01 - PHP Notice:  Use of undefined constant php - assumed 'php' in /var/www/anton/data/www/vz199252.eurodir.ru/catalog/view/theme/default/template/checkout/register.tpl on line 164
2017-10-12 13:45:26 - PHP Notice:  Use of undefined constant php - assumed 'php' in /var/www/anton/data/www/vz199252.eurodir.ru/catalog/view/theme/default/template/checkout/guest.tpl on line 170
2017-10-12 22:52:26 - PHP Notice:  Use of undefined constant php - assumed 'php' in /var/www/anton/data/www/vz199252.eurodir.ru/catalog/view/theme/default/template/checkout/guest.tpl on line 170
2017-10-12 22:52:54 - PHP Notice:  Use of undefined constant php - assumed 'php' in /var/www/anton/data/www/vz199252.eurodir.ru/catalog/view/theme/default/template/checkout/guest.tpl on line 170
2017-10-12 22:53:14 - PHP Notice:  Undefined index: firstname in /var/www/anton/data/www/vz199252.eurodir.ru/catalog/controller/checkout/guest.php on line 195
2017-10-12 22:53:14 - PHP Notice:  Undefined index: lastname in /var/www/anton/data/www/vz199252.eurodir.ru/catalog/controller/checkout/guest.php on line 199
2017-10-12 22:53:14 - PHP Notice:  Undefined index: email in /var/www/anton/data/www/vz199252.eurodir.ru/catalog/controller/checkout/guest.php on line 203
2017-10-12 22:53:14 - PHP Notice:  Undefined index: email in /var/www/anton/data/www/vz199252.eurodir.ru/catalog/controller/checkout/guest.php on line 203
2017-10-12 22:53:14 - PHP Notice:  Undefined index: telephone in /var/www/anton/data/www/vz199252.eurodir.ru/catalog/controller/checkout/guest.php on line 207
2017-10-12 22:53:14 - PHP Notice:  Undefined index: address_1 in /var/www/anton/data/www/vz199252.eurodir.ru/catalog/controller/checkout/guest.php on line 211
2017-10-12 22:53:14 - PHP Notice:  Undefined index: city in /var/www/anton/data/www/vz199252.eurodir.ru/catalog/controller/checkout/guest.php on line 215
2017-10-12 22:53:14 - PHP Notice:  Undefined index: country_id in /var/www/anton/data/www/vz199252.eurodir.ru/catalog/controller/checkout/guest.php on line 221
2017-10-12 22:53:14 - PHP Notice:  Undefined index: country_id in /var/www/anton/data/www/vz199252.eurodir.ru/catalog/controller/checkout/guest.php on line 227
2017-10-12 22:53:27 - PHP Notice:  Use of undefined constant php - assumed 'php' in /var/www/anton/data/www/vz199252.eurodir.ru/catalog/view/theme/default/template/checkout/guest.tpl on line 170
2017-10-12 22:55:59 - PHP Notice:  Use of undefined constant php - assumed 'php' in /var/www/anton/data/www/vz199252.eurodir.ru/catalog/view/theme/default/template/checkout/guest.tpl on line 170
2017-10-12 22:56:12 - PHP Notice:  Use of undefined constant php - assumed 'php' in /var/www/anton/data/www/vz199252.eurodir.ru/catalog/view/theme/default/template/checkout/guest.tpl on line 170
2017-10-12 22:58:15 - PHP Notice:  Use of undefined constant php - assumed 'php' in /var/www/anton/data/www/vz199252.eurodir.ru/catalog/view/theme/default/template/checkout/guest.tpl on line 170
2017-10-12 23:18:38 - PHP Notice:  Use of undefined constant php - assumed 'php' in /var/www/anton/data/www/vz199252.eurodir.ru/catalog/view/theme/default/template/checkout/guest.tpl on line 170
2017-10-12 23:19:47 - PHP Notice:  Use of undefined constant php - assumed 'php' in /var/www/anton/data/www/vz199252.eurodir.ru/catalog/view/theme/default/template/checkout/guest.tpl on line 170
2017-10-12 23:25:53 - PHP Notice:  Use of undefined constant php - assumed 'php' in /var/www/anton/data/www/vz199252.eurodir.ru/catalog/view/theme/default/template/checkout/guest.tpl on line 170
2017-10-12 23:31:45 - PHP Notice:  Use of undefined constant php - assumed 'php' in /var/www/anton/data/www/vz199252.eurodir.ru/catalog/view/theme/default/template/checkout/register.tpl on line 41
2017-10-12 23:31:45 - PHP Notice:  Use of undefined constant php - assumed 'php' in /var/www/anton/data/www/vz199252.eurodir.ru/catalog/view/theme/default/template/checkout/register.tpl on line 156
2017-10-12 23:31:45 - PHP Notice:  Use of undefined constant php - assumed 'php' in /var/www/anton/data/www/vz199252.eurodir.ru/catalog/view/theme/default/template/checkout/register.tpl on line 164
2017-10-12 23:33:38 - PHP Notice:  Use of undefined constant php - assumed 'php' in /var/www/anton/data/www/vz199252.eurodir.ru/catalog/view/theme/default/template/checkout/register.tpl on line 41
2017-10-12 23:33:38 - PHP Notice:  Use of undefined constant php - assumed 'php' in /var/www/anton/data/www/vz199252.eurodir.ru/catalog/view/theme/default/template/checkout/register.tpl on line 156
2017-10-12 23:33:38 - PHP Notice:  Use of undefined constant php - assumed 'php' in /var/www/anton/data/www/vz199252.eurodir.ru/catalog/view/theme/default/template/checkout/register.tpl on line 164
2017-10-12 23:42:48 - PHP Notice:  Use of undefined constant php - assumed 'php' in /var/www/anton/data/www/vz199252.eurodir.ru/catalog/view/theme/default/template/checkout/register.tpl on line 41
2017-10-12 23:42:48 - PHP Notice:  Use of undefined constant php - assumed 'php' in /var/www/anton/data/www/vz199252.eurodir.ru/catalog/view/theme/default/template/checkout/register.tpl on line 156
2017-10-12 23:42:48 - PHP Notice:  Use of undefined constant php - assumed 'php' in /var/www/anton/data/www/vz199252.eurodir.ru/catalog/view/theme/default/template/checkout/register.tpl on line 164
2017-10-12 23:45:09 - PHP Notice:  Use of undefined constant php - assumed 'php' in /var/www/anton/data/www/vz199252.eurodir.ru/catalog/view/theme/default/template/checkout/register.tpl on line 41
2017-10-12 23:45:09 - PHP Notice:  Use of undefined constant php - assumed 'php' in /var/www/anton/data/www/vz199252.eurodir.ru/catalog/view/theme/default/template/checkout/register.tpl on line 156
2017-10-12 23:45:09 - PHP Notice:  Use of undefined constant php - assumed 'php' in /var/www/anton/data/www/vz199252.eurodir.ru/catalog/view/theme/default/template/checkout/register.tpl on line 164
2017-10-13 0:07:56 - PHP Notice:  Use of undefined constant php - assumed 'php' in /var/www/anton/data/www/vz199252.eurodir.ru/catalog/view/theme/default/template/checkout/register.tpl on line 41
2017-10-13 0:07:56 - PHP Notice:  Use of undefined constant php - assumed 'php' in /var/www/anton/data/www/vz199252.eurodir.ru/catalog/view/theme/default/template/checkout/register.tpl on line 156
2017-10-13 0:07:56 - PHP Notice:  Use of undefined constant php - assumed 'php' in /var/www/anton/data/www/vz199252.eurodir.ru/catalog/view/theme/default/template/checkout/register.tpl on line 164
2017-10-13 0:08:53 - PHP Notice:  Use of undefined constant php - assumed 'php' in /var/www/anton/data/www/vz199252.eurodir.ru/catalog/view/theme/default/template/checkout/register.tpl on line 41
2017-10-13 0:08:53 - PHP Notice:  Use of undefined constant php - assumed 'php' in /var/www/anton/data/www/vz199252.eurodir.ru/catalog/view/theme/default/template/checkout/register.tpl on line 156
2017-10-13 0:08:53 - PHP Notice:  Use of undefined constant php - assumed 'php' in /var/www/anton/data/www/vz199252.eurodir.ru/catalog/view/theme/default/template/checkout/register.tpl on line 164
2017-10-13 0:10:48 - PHP Notice:  Use of undefined constant php - assumed 'php' in /var/www/anton/data/www/vz199252.eurodir.ru/catalog/view/theme/default/template/checkout/register.tpl on line 41
2017-10-13 0:10:48 - PHP Notice:  Use of undefined constant php - assumed 'php' in /var/www/anton/data/www/vz199252.eurodir.ru/catalog/view/theme/default/template/checkout/register.tpl on line 156
2017-10-13 0:10:48 - PHP Notice:  Use of undefined constant php - assumed 'php' in /var/www/anton/data/www/vz199252.eurodir.ru/catalog/view/theme/default/template/checkout/register.tpl on line 164
